<?xml version="1.0" encoding="UTF-8"?>
<!-- Generated by org.testng.reporters.JUnitReportReporter -->
<testsuite hostname="LAPTOP-6CCET0AJ" failures="0" tests="1" name="testCases.TC001_AccountRegistration" time="1.901" errors="0" timestamp="2024-08-26T21:47:40 IST" skipped="0">
  <testcase classname="testCases.TC001_AccountRegistration" name="verifiy_Regerstration" time="1.901"/>
</testsuite> <!-- testCases.TC001_AccountRegistration -->
